<?xml version="1.0" encoding="UTF-8"?>
<!-- Generated by org.testng.reporters.JUnitReportReporter -->
<testsuite hostname="Nik" failures="0" tests="1" name="Firefox.HomePageTest" time="5.074" errors="0" timestamp="2023-12-23T20:47:10 IST" skipped="0">
  <testcase classname="Firefox.HomePageTest" name="test1" time="5.074"/>
  <system-out/>
</testsuite> <!-- Firefox.HomePageTest -->
