<?xml version="1.0" encoding="UTF-8"?>
<!-- Generated by org.testng.reporters.JUnitReportReporter -->
<testsuite hostname="Nik" failures="0" tests="1" name="Chrome.cabRental" time="13.448" errors="0" timestamp="2023-12-23T20:47:10 IST" skipped="0">
  <testcase classname="Chrome.cabRental" name="test1" time="13.448"/>
  <system-out/>
</testsuite> <!-- Chrome.cabRental -->
