<?xml version="1.0" encoding="UTF-8"?>
<!-- Generated by org.testng.reporters.JUnitReportReporter -->
<testsuite hostname="Nik" failures="0" tests="1" name="Chrome.TicketChecking" time="7.886" errors="0" timestamp="2023-12-23T20:47:10 IST" skipped="0">
  <testcase classname="Chrome.TicketChecking" name="test1" time="7.886"/>
  <system-out/>
</testsuite> <!-- Chrome.TicketChecking -->
