<?xml version="1.0" encoding="UTF-8"?>
<!-- Generated by org.testng.reporters.JUnitReportReporter -->
<testsuite hostname="Nik" failures="0" tests="1" name="Chrome.HomePageTest" time="7.148" errors="0" timestamp="2023-12-23T20:47:10 IST" skipped="0">
  <testcase classname="Chrome.HomePageTest" name="test1" time="7.148"/>
  <system-out/>
</testsuite> <!-- Chrome.HomePageTest -->
