<?xml version="1.0" encoding="UTF-8"?>
<!-- Generated by org.testng.reporters.JUnitReportReporter -->
<testsuite hostname="Nik" failures="0" tests="1" name="Firefox.TicketCheckTest" time="6.338" errors="0" timestamp="2023-12-23T20:47:10 IST" skipped="0">
  <testcase classname="Firefox.TicketCheckTest" name="test1" time="6.338"/>
  <system-out/>
</testsuite> <!-- Firefox.TicketCheckTest -->
