<?xml version="1.0" encoding="UTF-8"?>
<!-- Generated by org.testng.reporters.JUnitReportReporter -->
<testsuite hostname="Nik" failures="0" tests="3" name="com.simplilearn.resttesting.Delete" time="2.849" errors="0" timestamp="2024-01-21T17:23:04 IST" skipped="0">
  <testcase classname="com.simplilearn.resttesting.Delete" name="putRequestTest" time="0.918"/>
  <testcase classname="com.simplilearn.resttesting.Delete" name="putRequestTest" time="0.918"/>
  <testcase classname="com.simplilearn.resttesting.Delete" name="putRequestTest" time="1.013"/>
</testsuite> <!-- com.simplilearn.resttesting.Delete -->
