<?xml version="1.0" encoding="UTF-8"?>
<!-- Generated by org.testng.reporters.JUnitReportReporter -->
<testsuite hostname="Nik" failures="0" tests="1" name="com.simplilearn.resttesting.Post" time="2.714" errors="0" timestamp="2024-01-21T17:23:04 IST" skipped="0">
  <testcase classname="com.simplilearn.resttesting.Post" name="postRequestTest" time="2.714"/>
</testsuite> <!-- com.simplilearn.resttesting.Post -->
