<?xml version="1.0" encoding="UTF-8"?>
<!-- Generated by org.testng.reporters.JUnitReportReporter -->
<testsuite hostname="Nik" failures="0" tests="3" name="com.simplilearn.resttesting.GetRequestTest" time="6.252" errors="0" timestamp="2024-01-21T17:23:04 IST" skipped="0">
  <testcase classname="com.simplilearn.resttesting.GetRequestTest" name="getRequestWithUserIdTest" time="0.506"/>
  <testcase classname="com.simplilearn.resttesting.GetRequestTest" name="getRequestWithQueryParmsTest" time="0.580"/>
  <testcase classname="com.simplilearn.resttesting.GetRequestTest" name="getRequestTest" time="5.166"/>
</testsuite> <!-- com.simplilearn.resttesting.GetRequestTest -->
