<?xml version="1.0" encoding="UTF-8"?>
<!-- Generated by org.testng.reporters.JUnitReportReporter -->
<testsuite hostname="Nik" failures="0" tests="1" name="com.simplilearn.resttesting.Patch" time="2.147" errors="0" timestamp="2024-01-21T17:23:04 IST" skipped="0">
  <testcase classname="com.simplilearn.resttesting.Patch" name="putRequestTest" time="2.147"/>
</testsuite> <!-- com.simplilearn.resttesting.Patch -->
