<?xml version="1.0" encoding="UTF-8"?>
<!-- Generated by org.testng.reporters.JUnitReportReporter -->
<testsuite hostname="Nik" failures="0" tests="1" name="com.simplilearn.testng.starhealth002" time="4.327" errors="0" timestamp="2024-01-06T11:46:15 IST" skipped="0">
  <testcase classname="com.simplilearn.testng.starhealth002" name="test1" time="4.327"/>
</testsuite> <!-- com.simplilearn.testng.starhealth002 -->
