<?xml version="1.0" encoding="UTF-8"?>
<!-- Generated by org.testng.reporters.JUnitReportReporter -->
<testsuite hostname="Nik" failures="0" tests="5" name="com.simplilearn.testng.starhealth001" time="11.140" errors="0" timestamp="2024-01-06T11:47:54 IST" skipped="0">
  <testcase classname="com.simplilearn.testng.starhealth001" name="test1" time="0.081"/>
  <testcase classname="com.simplilearn.testng.starhealth001" name="test2" time="2.717"/>
  <testcase classname="com.simplilearn.testng.starhealth001" name="test4" time="2.466"/>
  <testcase classname="com.simplilearn.testng.starhealth001" name="test3" time="0.648"/>
  <testcase classname="com.simplilearn.testng.starhealth001" name="test5" time="5.228"/>
</testsuite> <!-- com.simplilearn.testng.starhealth001 -->
