<?xml version="1.0" encoding="UTF-8"?>
<!-- Generated by org.testng.reporters.JUnitReportReporter -->
<testsuite hostname="Nik" failures="0" tests="5" name="com.simplilearn.testng.StarHealth" time="11.781" errors="0" timestamp="2024-01-04T12:54:03 IST" skipped="0">
  <testcase classname="com.simplilearn.testng.StarHealth" name="test3" time="0.785"/>
  <testcase classname="com.simplilearn.testng.StarHealth" name="test1" time="0.146"/>
  <testcase classname="com.simplilearn.testng.StarHealth" name="test4" time="2.587"/>
  <testcase classname="com.simplilearn.testng.StarHealth" name="test5" time="5.249"/>
  <testcase classname="com.simplilearn.testng.StarHealth" name="test2" time="3.014"/>
</testsuite> <!-- com.simplilearn.testng.StarHealth -->
