<?xml version="1.0" encoding="UTF-8"?>
<!-- Generated by org.testng.reporters.JUnitReportReporter -->
<testsuite hostname="Nik" failures="0" tests="3" name="com.pp.E_learning_Webapp.PracticeTest" time="0.018" errors="0" timestamp="2023-12-26T21:23:04 IST" skipped="0">
  <testcase classname="com.pp.E_learning_Webapp.PracticeTest" name="test3" time="0.002"/>
  <testcase classname="com.pp.E_learning_Webapp.PracticeTest" name="test2" time="0.003"/>
  <testcase classname="com.pp.E_learning_Webapp.PracticeTest" name="test1" time="0.013"/>
</testsuite> <!-- com.pp.E_learning_Webapp.PracticeTest -->
