<?xml version="1.0" encoding="UTF-8"?>
<!-- Generated by org.testng.reporters.JUnitReportReporter -->
<testsuite hostname="Nik" failures="0" tests="3" name="com.pp.E_learning_Webapp.TrainingTest" time="0.023" errors="0" timestamp="2023-12-26T21:20:43 IST" skipped="0">
  <testcase classname="com.pp.E_learning_Webapp.TrainingTest" name="test3" time="0.004"/>
  <testcase classname="com.pp.E_learning_Webapp.TrainingTest" name="test2" time="0.002"/>
  <testcase classname="com.pp.E_learning_Webapp.TrainingTest" name="test1" time="0.017"/>
</testsuite> <!-- com.pp.E_learning_Webapp.TrainingTest -->
