<?xml version="1.0" encoding="UTF-8"?>
<!-- Generated by org.testng.reporters.JUnitReportReporter -->
<testsuite hostname="Nik" failures="0" tests="2" name="com.pp.E_learning_Webapp.CourseTest" time="0.045" errors="0" timestamp="2023-12-26T21:23:26 IST" skipped="0">
  <testcase classname="com.pp.E_learning_Webapp.CourseTest" name="test3" time="0.025"/>
  <testcase classname="com.pp.E_learning_Webapp.CourseTest" name="test2" time="0.020"/>
</testsuite> <!-- com.pp.E_learning_Webapp.CourseTest -->
